e:\project\dyinglight_internal\dyinglight_internal\x64\release\vc143.pdb
e:\project\dyinglight_internal\dyinglight_internal\x64\release\function.obj
e:\project\dyinglight_internal\dyinglight_internal\x64\release\dllmain.obj
e:\project\dyinglight_internal\dyinglight_internal\x64\release\trampoline.obj
e:\project\dyinglight_internal\dyinglight_internal\x64\release\hook.obj
e:\project\dyinglight_internal\dyinglight_internal\x64\release\hde64.obj
e:\project\dyinglight_internal\dyinglight_internal\x64\release\hde32.obj
e:\project\dyinglight_internal\dyinglight_internal\x64\release\buffer.obj
e:\project\dyinglight_internal\dyinglight_internal\x64\release\ownimgui.obj
e:\project\dyinglight_internal\dyinglight_internal\x64\release\object.obj
e:\project\dyinglight_internal\dyinglight_internal\x64\release\imgui_widgets.obj
e:\project\dyinglight_internal\dyinglight_internal\x64\release\imgui_impl_win32.obj
e:\project\dyinglight_internal\dyinglight_internal\x64\release\imgui_impl_dx9.obj
e:\project\dyinglight_internal\dyinglight_internal\x64\release\imgui_impl_dx11.obj
e:\project\dyinglight_internal\dyinglight_internal\x64\release\imgui_draw.obj
e:\project\dyinglight_internal\dyinglight_internal\x64\release\imgui_demo.obj
e:\project\dyinglight_internal\dyinglight_internal\x64\release\imgui.obj
e:\project\dyinglight_internal\dyinglight_internal\x64\release\directxhook.obj
e:\project\dyinglight_internal\dyinglight_internal\x64\release\render.obj
e:\project\dyinglight_internal\dyinglight_internal\x64\release\memory.obj
e:\project\dyinglight_internal\x64\release\dyinglight_internal.dll
e:\project\dyinglight_internal\dyinglight_internal\x64\release\dyinglight_internal.ipdb
e:\project\dyinglight_internal\x64\release\dyinglight_internal.pdb
e:\project\dyinglight_internal\dyinglight_internal\x64\release\dyinglight_internal.iobj
e:\project\dyinglight_internal\dyinglight_internal\x64\release\dyinglig.8e518217.tlog\cl.command.1.tlog
e:\project\dyinglight_internal\dyinglight_internal\x64\release\dyinglig.8e518217.tlog\cl.read.1.tlog
e:\project\dyinglight_internal\dyinglight_internal\x64\release\dyinglig.8e518217.tlog\cl.write.1.tlog
e:\project\dyinglight_internal\dyinglight_internal\x64\release\dyinglig.8e518217.tlog\link.command.1.tlog
e:\project\dyinglight_internal\dyinglight_internal\x64\release\dyinglig.8e518217.tlog\link.read.1.tlog
e:\project\dyinglight_internal\dyinglight_internal\x64\release\dyinglig.8e518217.tlog\link.write.1.tlog
